2025-12-22 02:24:05 INFO  d.a.quartz.MailDispatchJob - MailDispatchJob triggered, found 0 mails
2025-12-22 02:25:05 INFO  d.a.quartz.MailDispatchJob - MailDispatchJob triggered, found 0 mails
2025-12-22 02:26:05 INFO  d.a.quartz.MailDispatchJob - MailDispatchJob triggered, found 0 mails
2025-12-22 10:07:59 INFO  d.a.quartz.MailDispatchJob - MailDispatchJob triggered, found 0 mails
2025-12-22 10:08:58 INFO  d.a.quartz.MailDispatchJob - MailDispatchJob triggered, found 0 mails
2025-12-22 10:09:58 INFO  d.a.quartz.MailDispatchJob - MailDispatchJob triggered, found 0 mails
2025-12-22 10:10:58 INFO  d.a.quartz.MailDispatchJob - MailDispatchJob triggered, found 0 mails
2025-12-22 10:11:58 INFO  d.a.quartz.MailDispatchJob - MailDispatchJob triggered, found 0 mails
2025-12-22 10:12:58 INFO  d.a.quartz.MailDispatchJob - MailDispatchJob triggered, found 0 mails
2025-12-22 10:13:58 INFO  d.a.quartz.MailDispatchJob - MailDispatchJob triggered, found 0 mails
2025-12-22 10:14:58 INFO  d.a.quartz.MailDispatchJob - MailDispatchJob triggered, found 0 mails
2025-12-22 10:15:58 INFO  d.a.quartz.MailDispatchJob - MailDispatchJob triggered, found 0 mails
2025-12-22 10:17:01 INFO  d.a.quartz.MailDispatchJob - MailDispatchJob triggered, found 0 mails
2025-12-22 10:18:01 INFO  d.a.quartz.MailDispatchJob - MailDispatchJob triggered, found 0 mails
2025-12-22 10:19:01 INFO  d.a.quartz.MailDispatchJob - MailDispatchJob triggered, found 0 mails
2025-12-22 10:20:01 INFO  d.a.quartz.MailDispatchJob - MailDispatchJob triggered, found 0 mails
2025-12-22 10:21:01 INFO  d.a.quartz.MailDispatchJob - MailDispatchJob triggered, found 0 mails
2025-12-22 10:22:01 INFO  d.a.quartz.MailDispatchJob - MailDispatchJob triggered, found 0 mails
2025-12-22 10:23:01 INFO  d.a.quartz.MailDispatchJob - MailDispatchJob triggered, found 0 mails
2025-12-22 10:24:01 INFO  d.a.quartz.MailDispatchJob - MailDispatchJob triggered, found 0 mails
2025-12-22 10:25:01 INFO  d.a.quartz.MailDispatchJob - MailDispatchJob triggered, found 0 mails
2025-12-22 10:26:01 INFO  d.a.quartz.MailDispatchJob - MailDispatchJob triggered, found 0 mails
2025-12-22 10:27:01 INFO  d.a.quartz.MailDispatchJob - MailDispatchJob triggered, found 0 mails
2025-12-22 10:28:01 INFO  d.a.quartz.MailDispatchJob - MailDispatchJob triggered, found 0 mails
2025-12-22 10:29:01 INFO  d.a.quartz.MailDispatchJob - MailDispatchJob triggered, found 0 mails
2025-12-22 10:30:01 INFO  d.a.quartz.MailDispatchJob - MailDispatchJob triggered, found 0 mails
2025-12-22 10:31:01 INFO  d.a.quartz.MailDispatchJob - MailDispatchJob triggered, found 0 mails
2025-12-22 10:32:01 INFO  d.a.quartz.MailDispatchJob - MailDispatchJob triggered, found 0 mails
2025-12-22 10:33:01 INFO  d.a.quartz.MailDispatchJob - MailDispatchJob triggered, found 0 mails
2025-12-22 10:34:01 INFO  d.a.quartz.MailDispatchJob - MailDispatchJob triggered, found 0 mails
2025-12-22 10:35:01 INFO  d.a.quartz.MailDispatchJob - MailDispatchJob triggered, found 0 mails
2025-12-22 10:36:01 INFO  d.a.quartz.MailDispatchJob - MailDispatchJob triggered, found 0 mails
2025-12-22 10:37:01 INFO  d.a.quartz.MailDispatchJob - MailDispatchJob triggered, found 0 mails
2025-12-22 10:38:01 INFO  d.a.quartz.MailDispatchJob - MailDispatchJob triggered, found 0 mails
2025-12-22 10:39:01 INFO  d.a.quartz.MailDispatchJob - MailDispatchJob triggered, found 0 mails
2025-12-22 10:40:01 INFO  d.a.quartz.MailDispatchJob - MailDispatchJob triggered, found 0 mails
2025-12-22 10:41:01 INFO  d.a.quartz.MailDispatchJob - MailDispatchJob triggered, found 0 mails
2025-12-22 10:42:01 INFO  d.a.quartz.MailDispatchJob - MailDispatchJob triggered, found 0 mails
2025-12-22 10:43:01 INFO  d.a.quartz.MailDispatchJob - MailDispatchJob triggered, found 0 mails
2025-12-22 10:44:01 INFO  d.a.quartz.MailDispatchJob - MailDispatchJob triggered, found 0 mails
2025-12-22 10:45:01 INFO  d.a.quartz.MailDispatchJob - MailDispatchJob triggered, found 0 mails
2025-12-22 10:46:01 INFO  d.a.quartz.MailDispatchJob - MailDispatchJob triggered, found 0 mails
2025-12-22 10:47:01 INFO  d.a.quartz.MailDispatchJob - MailDispatchJob triggered, found 0 mails
2025-12-22 10:48:01 INFO  d.a.quartz.MailDispatchJob - MailDispatchJob triggered, found 0 mails
2025-12-22 10:49:01 INFO  d.a.quartz.MailDispatchJob - MailDispatchJob triggered, found 0 mails
2025-12-22 10:50:01 INFO  d.a.quartz.MailDispatchJob - MailDispatchJob triggered, found 0 mails
2025-12-22 10:51:01 INFO  d.a.quartz.MailDispatchJob - MailDispatchJob triggered, found 0 mails
2025-12-22 10:52:01 INFO  d.a.quartz.MailDispatchJob - MailDispatchJob triggered, found 0 mails
2025-12-22 10:53:01 INFO  d.a.quartz.MailDispatchJob - MailDispatchJob triggered, found 0 mails
2025-12-22 10:54:01 INFO  d.a.quartz.MailDispatchJob - MailDispatchJob triggered, found 0 mails
2025-12-22 10:55:01 INFO  d.a.quartz.MailDispatchJob - MailDispatchJob triggered, found 0 mails
2025-12-22 10:56:01 INFO  d.a.quartz.MailDispatchJob - MailDispatchJob triggered, found 0 mails
2025-12-22 10:57:01 INFO  d.a.quartz.MailDispatchJob - MailDispatchJob triggered, found 0 mails
2025-12-22 10:58:01 INFO  d.a.quartz.MailDispatchJob - MailDispatchJob triggered, found 0 mails
2025-12-22 10:59:01 INFO  d.a.quartz.MailDispatchJob - MailDispatchJob triggered, found 0 mails
2025-12-22 11:00:01 INFO  d.a.quartz.MailDispatchJob - MailDispatchJob triggered, found 0 mails
2025-12-22 11:01:01 INFO  d.a.quartz.MailDispatchJob - MailDispatchJob triggered, found 0 mails
2025-12-22 11:02:01 INFO  d.a.quartz.MailDispatchJob - MailDispatchJob triggered, found 0 mails
2025-12-22 11:03:01 INFO  d.a.quartz.MailDispatchJob - MailDispatchJob triggered, found 0 mails
2025-12-22 11:04:01 INFO  d.a.quartz.MailDispatchJob - MailDispatchJob triggered, found 0 mails
2025-12-22 11:05:01 INFO  d.a.quartz.MailDispatchJob - MailDispatchJob triggered, found 0 mails
2025-12-22 11:06:01 INFO  d.a.quartz.MailDispatchJob - MailDispatchJob triggered, found 0 mails
2025-12-22 11:07:01 INFO  d.a.quartz.MailDispatchJob - MailDispatchJob triggered, found 0 mails
2025-12-22 11:08:01 INFO  d.a.quartz.MailDispatchJob - MailDispatchJob triggered, found 0 mails
2025-12-22 11:09:01 INFO  d.a.quartz.MailDispatchJob - MailDispatchJob triggered, found 0 mails
2025-12-22 11:10:01 INFO  d.a.quartz.MailDispatchJob - MailDispatchJob triggered, found 0 mails
2025-12-22 11:11:01 INFO  d.a.quartz.MailDispatchJob - MailDispatchJob triggered, found 0 mails
2025-12-22 11:12:01 INFO  d.a.quartz.MailDispatchJob - MailDispatchJob triggered, found 0 mails
2025-12-22 11:13:01 INFO  d.a.quartz.MailDispatchJob - MailDispatchJob triggered, found 0 mails
2025-12-22 11:14:01 INFO  d.a.quartz.MailDispatchJob - MailDispatchJob triggered, found 0 mails
2025-12-22 11:15:01 INFO  d.a.quartz.MailDispatchJob - MailDispatchJob triggered, found 0 mails
2025-12-22 11:16:01 INFO  d.a.quartz.MailDispatchJob - MailDispatchJob triggered, found 0 mails
2025-12-22 11:17:01 INFO  d.a.quartz.MailDispatchJob - MailDispatchJob triggered, found 0 mails
2025-12-22 11:17:47 INFO  d.a.quartz.MailDispatchJob - MailDispatchJob triggered, found 0 mails
2025-12-22 11:18:46 INFO  d.a.quartz.MailDispatchJob - MailDispatchJob triggered, found 0 mails
2025-12-22 11:19:46 INFO  d.a.quartz.MailDispatchJob - MailDispatchJob triggered, found 0 mails
2025-12-22 11:20:46 INFO  d.a.quartz.MailDispatchJob - MailDispatchJob triggered, found 0 mails
2025-12-22 11:21:46 INFO  d.a.quartz.MailDispatchJob - MailDispatchJob triggered, found 0 mails
2025-12-22 11:22:46 INFO  d.a.quartz.MailDispatchJob - MailDispatchJob triggered, found 0 mails
2025-12-22 11:23:46 INFO  d.a.quartz.MailDispatchJob - MailDispatchJob triggered, found 0 mails
2025-12-22 11:24:46 INFO  d.a.quartz.MailDispatchJob - MailDispatchJob triggered, found 0 mails
2025-12-22 11:25:46 INFO  d.a.quartz.MailDispatchJob - MailDispatchJob triggered, found 0 mails
2025-12-22 11:26:46 INFO  d.a.quartz.MailDispatchJob - MailDispatchJob triggered, found 0 mails
2025-12-22 11:27:46 INFO  d.a.quartz.MailDispatchJob - MailDispatchJob triggered, found 0 mails
2025-12-22 11:28:46 INFO  d.a.quartz.MailDispatchJob - MailDispatchJob triggered, found 0 mails
2025-12-22 11:29:46 INFO  d.a.quartz.MailDispatchJob - MailDispatchJob triggered, found 0 mails
2025-12-22 11:30:06 INFO  d.a.quartz.MailDispatchJob - MailDispatchJob triggered, found 0 mails
2025-12-22 11:31:06 INFO  d.a.quartz.MailDispatchJob - MailDispatchJob triggered, found 0 mails
2025-12-22 11:32:06 INFO  d.a.quartz.MailDispatchJob - MailDispatchJob triggered, found 0 mails
2025-12-22 11:33:06 INFO  d.a.quartz.MailDispatchJob - MailDispatchJob triggered, found 0 mails
2025-12-22 11:34:06 INFO  d.a.quartz.MailDispatchJob - MailDispatchJob triggered, found 0 mails
2025-12-22 11:35:06 INFO  d.a.quartz.MailDispatchJob - MailDispatchJob triggered, found 0 mails
2025-12-22 11:36:06 INFO  d.a.quartz.MailDispatchJob - MailDispatchJob triggered, found 0 mails
2025-12-22 11:37:06 INFO  d.a.quartz.MailDispatchJob - MailDispatchJob triggered, found 0 mails
2025-12-22 11:38:06 INFO  d.a.quartz.MailDispatchJob - MailDispatchJob triggered, found 0 mails
2025-12-22 13:02:06 INFO  d.a.quartz.MailDispatchJob - MailDispatchJob triggered, found 0 mails
2025-12-22 13:03:06 INFO  d.a.quartz.MailDispatchJob - MailDispatchJob triggered, found 0 mails
2025-12-22 13:04:06 INFO  d.a.quartz.MailDispatchJob - MailDispatchJob triggered, found 0 mails
2025-12-22 13:05:06 INFO  d.a.quartz.MailDispatchJob - MailDispatchJob triggered, found 0 mails
2025-12-22 13:06:06 INFO  d.a.quartz.MailDispatchJob - MailDispatchJob triggered, found 0 mails
2025-12-22 13:07:06 INFO  d.a.quartz.MailDispatchJob - MailDispatchJob triggered, found 0 mails
2025-12-22 13:08:06 INFO  d.a.quartz.MailDispatchJob - MailDispatchJob triggered, found 0 mails
2025-12-22 13:09:06 INFO  d.a.quartz.MailDispatchJob - MailDispatchJob triggered, found 0 mails
2025-12-22 13:10:06 INFO  d.a.quartz.MailDispatchJob - MailDispatchJob triggered, found 0 mails
2025-12-22 13:11:06 INFO  d.a.quartz.MailDispatchJob - MailDispatchJob triggered, found 0 mails
2025-12-22 13:12:06 INFO  d.a.quartz.MailDispatchJob - MailDispatchJob triggered, found 0 mails
2025-12-22 13:13:06 INFO  d.a.quartz.MailDispatchJob - MailDispatchJob triggered, found 0 mails
2025-12-22 13:14:06 INFO  d.a.quartz.MailDispatchJob - MailDispatchJob triggered, found 0 mails
2025-12-22 13:15:06 INFO  d.a.quartz.MailDispatchJob - MailDispatchJob triggered, found 0 mails
2025-12-22 13:16:06 INFO  d.a.quartz.MailDispatchJob - MailDispatchJob triggered, found 0 mails
2025-12-22 13:17:06 INFO  d.a.quartz.MailDispatchJob - MailDispatchJob triggered, found 0 mails
2025-12-22 13:18:06 INFO  d.a.quartz.MailDispatchJob - MailDispatchJob triggered, found 0 mails
2025-12-22 13:19:06 INFO  d.a.quartz.MailDispatchJob - MailDispatchJob triggered, found 0 mails
2025-12-22 13:20:06 INFO  d.a.quartz.MailDispatchJob - MailDispatchJob triggered, found 0 mails
2025-12-22 13:21:06 INFO  d.a.quartz.MailDispatchJob - MailDispatchJob triggered, found 0 mails
2025-12-22 13:22:06 INFO  d.a.quartz.MailDispatchJob - MailDispatchJob triggered, found 0 mails
2025-12-22 13:23:06 INFO  d.a.quartz.MailDispatchJob - MailDispatchJob triggered, found 0 mails
2025-12-22 13:24:06 INFO  d.a.quartz.MailDispatchJob - MailDispatchJob triggered, found 0 mails
2025-12-22 13:25:06 INFO  d.a.quartz.MailDispatchJob - MailDispatchJob triggered, found 0 mails
2025-12-22 13:26:06 INFO  d.a.quartz.MailDispatchJob - MailDispatchJob triggered, found 0 mails
2025-12-22 13:27:06 INFO  d.a.quartz.MailDispatchJob - MailDispatchJob triggered, found 0 mails
2025-12-22 13:28:06 INFO  d.a.quartz.MailDispatchJob - MailDispatchJob triggered, found 0 mails
2025-12-22 13:29:06 INFO  d.a.quartz.MailDispatchJob - MailDispatchJob triggered, found 0 mails
2025-12-22 13:30:06 INFO  d.a.quartz.MailDispatchJob - MailDispatchJob triggered, found 0 mails
2025-12-22 13:31:06 INFO  d.a.quartz.MailDispatchJob - MailDispatchJob triggered, found 0 mails
2025-12-22 13:32:06 INFO  d.a.quartz.MailDispatchJob - MailDispatchJob triggered, found 0 mails
2025-12-22 13:33:06 INFO  d.a.quartz.MailDispatchJob - MailDispatchJob triggered, found 0 mails
2025-12-22 13:34:06 INFO  d.a.quartz.MailDispatchJob - MailDispatchJob triggered, found 0 mails
2025-12-22 13:35:06 INFO  d.a.quartz.MailDispatchJob - MailDispatchJob triggered, found 0 mails
2025-12-22 13:36:06 INFO  d.a.quartz.MailDispatchJob - MailDispatchJob triggered, found 0 mails
2025-12-22 13:37:06 INFO  d.a.quartz.MailDispatchJob - MailDispatchJob triggered, found 0 mails
2025-12-22 13:38:06 INFO  d.a.quartz.MailDispatchJob - MailDispatchJob triggered, found 0 mails
2025-12-22 13:39:06 INFO  d.a.quartz.MailDispatchJob - MailDispatchJob triggered, found 0 mails
2025-12-22 13:40:06 INFO  d.a.quartz.MailDispatchJob - MailDispatchJob triggered, found 0 mails
2025-12-22 13:41:11 INFO  d.a.quartz.MailDispatchJob - MailDispatchJob triggered, found 0 mails
2025-12-22 14:03:06 INFO  d.a.quartz.MailDispatchJob - MailDispatchJob triggered, found 0 mails
2025-12-22 14:03:27 INFO  d.a.quartz.MailDispatchJob - MailDispatchJob triggered, found 0 mails
2025-12-22 14:04:26 INFO  d.a.quartz.MailDispatchJob - MailDispatchJob triggered, found 0 mails
2025-12-22 14:05:26 INFO  d.a.quartz.MailDispatchJob - MailDispatchJob triggered, found 0 mails
2025-12-22 14:06:26 INFO  d.a.quartz.MailDispatchJob - MailDispatchJob triggered, found 0 mails
2025-12-22 14:07:26 INFO  d.a.quartz.MailDispatchJob - MailDispatchJob triggered, found 0 mails
2025-12-22 14:08:26 INFO  d.a.quartz.MailDispatchJob - MailDispatchJob triggered, found 0 mails
2025-12-22 14:09:26 INFO  d.a.quartz.MailDispatchJob - MailDispatchJob triggered, found 0 mails
2025-12-22 14:10:26 INFO  d.a.quartz.MailDispatchJob - MailDispatchJob triggered, found 0 mails
2025-12-22 14:11:26 INFO  d.a.quartz.MailDispatchJob - MailDispatchJob triggered, found 0 mails
2025-12-22 14:12:26 INFO  d.a.quartz.MailDispatchJob - MailDispatchJob triggered, found 0 mails
2025-12-22 14:13:26 INFO  d.a.quartz.MailDispatchJob - MailDispatchJob triggered, found 0 mails
2025-12-22 14:14:26 INFO  d.a.quartz.MailDispatchJob - MailDispatchJob triggered, found 0 mails
2025-12-22 14:15:26 INFO  d.a.quartz.MailDispatchJob - MailDispatchJob triggered, found 0 mails
2025-12-22 14:16:26 INFO  d.a.quartz.MailDispatchJob - MailDispatchJob triggered, found 0 mails
2025-12-22 14:17:26 INFO  d.a.quartz.MailDispatchJob - MailDispatchJob triggered, found 0 mails
2025-12-22 14:18:26 INFO  d.a.quartz.MailDispatchJob - MailDispatchJob triggered, found 0 mails
2025-12-22 14:19:26 INFO  d.a.quartz.MailDispatchJob - MailDispatchJob triggered, found 0 mails
2025-12-22 14:20:26 INFO  d.a.quartz.MailDispatchJob - MailDispatchJob triggered, found 0 mails
2025-12-22 14:21:26 INFO  d.a.quartz.MailDispatchJob - MailDispatchJob triggered, found 0 mails
2025-12-22 14:22:26 INFO  d.a.quartz.MailDispatchJob - MailDispatchJob triggered, found 0 mails
2025-12-22 14:23:26 INFO  d.a.quartz.MailDispatchJob - MailDispatchJob triggered, found 0 mails
2025-12-22 14:24:26 INFO  d.a.quartz.MailDispatchJob - MailDispatchJob triggered, found 0 mails
2025-12-22 14:25:26 INFO  d.a.quartz.MailDispatchJob - MailDispatchJob triggered, found 0 mails
2025-12-22 14:26:26 INFO  d.a.quartz.MailDispatchJob - MailDispatchJob triggered, found 0 mails
2025-12-22 14:27:26 INFO  d.a.quartz.MailDispatchJob - MailDispatchJob triggered, found 0 mails
2025-12-22 14:28:26 INFO  d.a.quartz.MailDispatchJob - MailDispatchJob triggered, found 0 mails
2025-12-22 14:29:26 INFO  d.a.quartz.MailDispatchJob - MailDispatchJob triggered, found 0 mails
2025-12-22 14:30:26 INFO  d.a.quartz.MailDispatchJob - MailDispatchJob triggered, found 0 mails
2025-12-22 14:31:26 INFO  d.a.quartz.MailDispatchJob - MailDispatchJob triggered, found 0 mails
2025-12-22 14:32:26 INFO  d.a.quartz.MailDispatchJob - MailDispatchJob triggered, found 0 mails
2025-12-22 14:33:26 INFO  d.a.quartz.MailDispatchJob - MailDispatchJob triggered, found 0 mails
2025-12-22 14:34:26 INFO  d.a.quartz.MailDispatchJob - MailDispatchJob triggered, found 0 mails
2025-12-22 14:35:26 INFO  d.a.quartz.MailDispatchJob - MailDispatchJob triggered, found 0 mails
2025-12-22 14:36:26 INFO  d.a.quartz.MailDispatchJob - MailDispatchJob triggered, found 0 mails
2025-12-22 14:37:26 INFO  d.a.quartz.MailDispatchJob - MailDispatchJob triggered, found 0 mails
2025-12-22 14:38:26 INFO  d.a.quartz.MailDispatchJob - MailDispatchJob triggered, found 0 mails
2025-12-22 14:39:26 INFO  d.a.quartz.MailDispatchJob - MailDispatchJob triggered, found 0 mails
2025-12-22 14:40:26 INFO  d.a.quartz.MailDispatchJob - MailDispatchJob triggered, found 0 mails
2025-12-22 14:41:26 INFO  d.a.quartz.MailDispatchJob - MailDispatchJob triggered, found 0 mails
2025-12-22 14:42:26 INFO  d.a.quartz.MailDispatchJob - MailDispatchJob triggered, found 0 mails
2025-12-22 14:43:26 INFO  d.a.quartz.MailDispatchJob - MailDispatchJob triggered, found 0 mails
2025-12-22 14:44:26 INFO  d.a.quartz.MailDispatchJob - MailDispatchJob triggered, found 0 mails
2025-12-22 14:45:26 INFO  d.a.quartz.MailDispatchJob - MailDispatchJob triggered, found 0 mails
2025-12-22 14:46:26 INFO  d.a.quartz.MailDispatchJob - MailDispatchJob triggered, found 0 mails
2025-12-22 14:47:26 INFO  d.a.quartz.MailDispatchJob - MailDispatchJob triggered, found 0 mails
2025-12-22 14:48:26 INFO  d.a.quartz.MailDispatchJob - MailDispatchJob triggered, found 0 mails
2025-12-22 14:49:26 INFO  d.a.quartz.MailDispatchJob - MailDispatchJob triggered, found 0 mails
2025-12-22 14:50:26 INFO  d.a.quartz.MailDispatchJob - MailDispatchJob triggered, found 0 mails
2025-12-22 14:51:26 INFO  d.a.quartz.MailDispatchJob - MailDispatchJob triggered, found 0 mails
2025-12-22 14:52:26 INFO  d.a.quartz.MailDispatchJob - MailDispatchJob triggered, found 0 mails
2025-12-22 16:46:30 INFO  d.a.quartz.MailDispatchJob - MailDispatchJob triggered, found 7 mails
2025-12-22 16:47:29 INFO  d.a.quartz.MailDispatchJob - MailDispatchJob triggered, found 0 mails
2025-12-22 16:48:29 INFO  d.a.quartz.MailDispatchJob - MailDispatchJob triggered, found 0 mails
2025-12-22 16:49:29 INFO  d.a.quartz.MailDispatchJob - MailDispatchJob triggered, found 0 mails
2025-12-22 16:50:29 INFO  d.a.quartz.MailDispatchJob - MailDispatchJob triggered, found 0 mails
2025-12-22 16:51:29 INFO  d.a.quartz.MailDispatchJob - MailDispatchJob triggered, found 0 mails
2025-12-22 16:52:29 INFO  d.a.quartz.MailDispatchJob - MailDispatchJob triggered, found 0 mails
2025-12-22 16:53:29 INFO  d.a.quartz.MailDispatchJob - MailDispatchJob triggered, found 0 mails
2025-12-22 16:54:29 INFO  d.a.quartz.MailDispatchJob - MailDispatchJob triggered, found 0 mails
2025-12-22 16:55:29 INFO  d.a.quartz.MailDispatchJob - MailDispatchJob triggered, found 0 mails
2025-12-22 16:56:29 INFO  d.a.quartz.MailDispatchJob - MailDispatchJob triggered, found 0 mails
2025-12-22 16:57:29 INFO  d.a.quartz.MailDispatchJob - MailDispatchJob triggered, found 0 mails
2025-12-22 16:58:29 INFO  d.a.quartz.MailDispatchJob - MailDispatchJob triggered, found 2 mails
2025-12-22 16:59:29 INFO  d.a.quartz.MailDispatchJob - MailDispatchJob triggered, found 0 mails
2025-12-22 17:00:29 INFO  d.a.quartz.MailDispatchJob - MailDispatchJob triggered, found 1 mails
2025-12-22 17:01:29 INFO  d.a.quartz.MailDispatchJob - MailDispatchJob triggered, found 0 mails
2025-12-23 09:29:35 INFO  d.a.quartz.MailDispatchJob - MailDispatchJob triggered, found 2 mails
2025-12-23 09:30:19 INFO  d.a.quartz.MailDispatchJob - MailDispatchJob triggered, found 0 mails
2025-12-23 09:31:18 INFO  d.a.quartz.MailDispatchJob - MailDispatchJob triggered, found 0 mails
2025-12-23 09:32:18 INFO  d.a.quartz.MailDispatchJob - MailDispatchJob triggered, found 0 mails
2025-12-23 09:33:18 INFO  d.a.quartz.MailDispatchJob - MailDispatchJob triggered, found 0 mails
2025-12-23 09:34:18 INFO  d.a.quartz.MailDispatchJob - MailDispatchJob triggered, found 0 mails
2025-12-23 09:35:18 INFO  d.a.quartz.MailDispatchJob - MailDispatchJob triggered, found 0 mails
2025-12-23 09:36:18 INFO  d.a.quartz.MailDispatchJob - MailDispatchJob triggered, found 0 mails
2025-12-23 09:37:18 INFO  d.a.quartz.MailDispatchJob - MailDispatchJob triggered, found 0 mails
2025-12-23 09:38:18 INFO  d.a.quartz.MailDispatchJob - MailDispatchJob triggered, found 0 mails
2025-12-23 09:39:18 INFO  d.a.quartz.MailDispatchJob - MailDispatchJob triggered, found 0 mails
2025-12-23 09:40:18 INFO  d.a.quartz.MailDispatchJob - MailDispatchJob triggered, found 0 mails
2025-12-23 09:41:18 INFO  d.a.quartz.MailDispatchJob - MailDispatchJob triggered, found 0 mails
2025-12-23 09:42:18 INFO  d.a.quartz.MailDispatchJob - MailDispatchJob triggered, found 0 mails
2025-12-23 09:43:18 INFO  d.a.quartz.MailDispatchJob - MailDispatchJob triggered, found 0 mails
2025-12-23 09:44:18 INFO  d.a.quartz.MailDispatchJob - MailDispatchJob triggered, found 0 mails
2025-12-23 09:45:18 INFO  d.a.quartz.MailDispatchJob - MailDispatchJob triggered, found 0 mails
2025-12-23 09:46:18 INFO  d.a.quartz.MailDispatchJob - MailDispatchJob triggered, found 0 mails
2025-12-23 09:47:18 INFO  d.a.quartz.MailDispatchJob - MailDispatchJob triggered, found 0 mails
2025-12-23 09:48:18 INFO  d.a.quartz.MailDispatchJob - MailDispatchJob triggered, found 0 mails
2025-12-23 09:49:18 INFO  d.a.quartz.MailDispatchJob - MailDispatchJob triggered, found 0 mails
2025-12-23 09:50:18 INFO  d.a.quartz.MailDispatchJob - MailDispatchJob triggered, found 0 mails
2025-12-23 09:51:18 INFO  d.a.quartz.MailDispatchJob - MailDispatchJob triggered, found 0 mails
2025-12-23 09:52:18 INFO  d.a.quartz.MailDispatchJob - MailDispatchJob triggered, found 0 mails
2025-12-23 09:53:18 INFO  d.a.quartz.MailDispatchJob - MailDispatchJob triggered, found 0 mails
2025-12-23 09:54:18 INFO  d.a.quartz.MailDispatchJob - MailDispatchJob triggered, found 0 mails
2025-12-23 09:55:18 INFO  d.a.quartz.MailDispatchJob - MailDispatchJob triggered, found 0 mails
2025-12-23 09:56:18 INFO  d.a.quartz.MailDispatchJob - MailDispatchJob triggered, found 0 mails
2025-12-23 09:57:18 INFO  d.a.quartz.MailDispatchJob - MailDispatchJob triggered, found 0 mails
2025-12-23 09:58:18 INFO  d.a.quartz.MailDispatchJob - MailDispatchJob triggered, found 0 mails
2025-12-23 09:59:18 INFO  d.a.quartz.MailDispatchJob - MailDispatchJob triggered, found 0 mails
2025-12-23 10:00:18 INFO  d.a.quartz.MailDispatchJob - MailDispatchJob triggered, found 0 mails
2025-12-23 11:04:18 INFO  d.a.quartz.MailDispatchJob - MailDispatchJob triggered, found 0 mails
2025-12-23 11:05:18 INFO  d.a.quartz.MailDispatchJob - MailDispatchJob triggered, found 0 mails
2025-12-23 11:06:18 INFO  d.a.quartz.MailDispatchJob - MailDispatchJob triggered, found 0 mails
2025-12-23 11:07:18 INFO  d.a.quartz.MailDispatchJob - MailDispatchJob triggered, found 0 mails
2025-12-23 11:08:18 INFO  d.a.quartz.MailDispatchJob - MailDispatchJob triggered, found 0 mails
2025-12-23 11:09:18 INFO  d.a.quartz.MailDispatchJob - MailDispatchJob triggered, found 0 mails
2025-12-23 11:10:18 INFO  d.a.quartz.MailDispatchJob - MailDispatchJob triggered, found 0 mails
2025-12-23 11:11:18 INFO  d.a.quartz.MailDispatchJob - MailDispatchJob triggered, found 0 mails
2025-12-23 11:12:18 INFO  d.a.quartz.MailDispatchJob - MailDispatchJob triggered, found 0 mails
2025-12-23 11:13:18 INFO  d.a.quartz.MailDispatchJob - MailDispatchJob triggered, found 0 mails
2025-12-23 11:14:18 INFO  d.a.quartz.MailDispatchJob - MailDispatchJob triggered, found 0 mails
2025-12-23 11:15:18 INFO  d.a.quartz.MailDispatchJob - MailDispatchJob triggered, found 0 mails
2025-12-23 11:16:18 INFO  d.a.quartz.MailDispatchJob - MailDispatchJob triggered, found 0 mails
2025-12-23 11:17:18 INFO  d.a.quartz.MailDispatchJob - MailDispatchJob triggered, found 0 mails
2025-12-23 11:18:18 INFO  d.a.quartz.MailDispatchJob - MailDispatchJob triggered, found 0 mails
2025-12-23 11:19:18 INFO  d.a.quartz.MailDispatchJob - MailDispatchJob triggered, found 0 mails
2025-12-23 11:20:18 INFO  d.a.quartz.MailDispatchJob - MailDispatchJob triggered, found 0 mails
2025-12-23 11:21:18 INFO  d.a.quartz.MailDispatchJob - MailDispatchJob triggered, found 0 mails
2025-12-23 11:22:18 INFO  d.a.quartz.MailDispatchJob - MailDispatchJob triggered, found 0 mails
2025-12-23 11:23:18 INFO  d.a.quartz.MailDispatchJob - MailDispatchJob triggered, found 0 mails
2025-12-23 11:24:18 INFO  d.a.quartz.MailDispatchJob - MailDispatchJob triggered, found 0 mails
2025-12-23 11:25:18 INFO  d.a.quartz.MailDispatchJob - MailDispatchJob triggered, found 0 mails
2025-12-23 14:41:40 INFO  d.a.quartz.MailDispatchJob - MailDispatchJob triggered, found 0 mails
2025-12-23 14:42:40 INFO  d.a.quartz.MailDispatchJob - MailDispatchJob triggered, found 0 mails
2025-12-23 14:43:40 INFO  d.a.quartz.MailDispatchJob - MailDispatchJob triggered, found 0 mails
2025-12-23 14:44:40 INFO  d.a.quartz.MailDispatchJob - MailDispatchJob triggered, found 0 mails
2025-12-23 14:45:40 INFO  d.a.quartz.MailDispatchJob - MailDispatchJob triggered, found 0 mails
2025-12-23 14:46:40 INFO  d.a.quartz.MailDispatchJob - MailDispatchJob triggered, found 0 mails
2025-12-23 14:47:40 INFO  d.a.quartz.MailDispatchJob - MailDispatchJob triggered, found 0 mails
2025-12-23 14:48:40 INFO  d.a.quartz.MailDispatchJob - MailDispatchJob triggered, found 0 mails
2025-12-23 14:49:40 INFO  d.a.quartz.MailDispatchJob - MailDispatchJob triggered, found 0 mails
2025-12-23 14:50:40 INFO  d.a.quartz.MailDispatchJob - MailDispatchJob triggered, found 0 mails
2025-12-23 14:51:40 INFO  d.a.quartz.MailDispatchJob - MailDispatchJob triggered, found 0 mails
2025-12-23 14:52:40 INFO  d.a.quartz.MailDispatchJob - MailDispatchJob triggered, found 0 mails
2025-12-23 14:53:40 INFO  d.a.quartz.MailDispatchJob - MailDispatchJob triggered, found 0 mails
2025-12-23 14:54:40 INFO  d.a.quartz.MailDispatchJob - MailDispatchJob triggered, found 0 mails
2025-12-23 14:55:40 INFO  d.a.quartz.MailDispatchJob - MailDispatchJob triggered, found 0 mails
2025-12-23 14:56:40 INFO  d.a.quartz.MailDispatchJob - MailDispatchJob triggered, found 0 mails
2025-12-23 14:57:40 INFO  d.a.quartz.MailDispatchJob - MailDispatchJob triggered, found 0 mails
2025-12-23 14:58:40 INFO  d.a.quartz.MailDispatchJob - MailDispatchJob triggered, found 0 mails
2025-12-23 14:59:40 INFO  d.a.quartz.MailDispatchJob - MailDispatchJob triggered, found 0 mails
2025-12-23 15:00:40 INFO  d.a.quartz.MailDispatchJob - MailDispatchJob triggered, found 0 mails
2025-12-23 15:01:40 INFO  d.a.quartz.MailDispatchJob - MailDispatchJob triggered, found 0 mails
2025-12-23 15:02:40 INFO  d.a.quartz.MailDispatchJob - MailDispatchJob triggered, found 0 mails
2025-12-23 15:03:40 INFO  d.a.quartz.MailDispatchJob - MailDispatchJob triggered, found 0 mails
2025-12-23 15:04:40 INFO  d.a.quartz.MailDispatchJob - MailDispatchJob triggered, found 0 mails
2025-12-23 15:05:40 INFO  d.a.quartz.MailDispatchJob - MailDispatchJob triggered, found 0 mails
2025-12-23 15:06:40 INFO  d.a.quartz.MailDispatchJob - MailDispatchJob triggered, found 0 mails
2025-12-23 15:07:40 INFO  d.a.quartz.MailDispatchJob - MailDispatchJob triggered, found 0 mails
2025-12-23 15:08:40 INFO  d.a.quartz.MailDispatchJob - MailDispatchJob triggered, found 0 mails
2025-12-23 15:09:40 INFO  d.a.quartz.MailDispatchJob - MailDispatchJob triggered, found 0 mails
2025-12-23 15:10:40 INFO  d.a.quartz.MailDispatchJob - MailDispatchJob triggered, found 0 mails
2025-12-23 15:11:40 INFO  d.a.quartz.MailDispatchJob - MailDispatchJob triggered, found 0 mails
2025-12-23 15:12:40 INFO  d.a.quartz.MailDispatchJob - MailDispatchJob triggered, found 0 mails
2025-12-23 15:13:40 INFO  d.a.quartz.MailDispatchJob - MailDispatchJob triggered, found 0 mails
2025-12-23 15:14:40 INFO  d.a.quartz.MailDispatchJob - MailDispatchJob triggered, found 0 mails
2025-12-23 15:15:40 INFO  d.a.quartz.MailDispatchJob - MailDispatchJob triggered, found 0 mails
2025-12-23 15:16:40 INFO  d.a.quartz.MailDispatchJob - MailDispatchJob triggered, found 0 mails
2025-12-23 15:17:40 INFO  d.a.quartz.MailDispatchJob - MailDispatchJob triggered, found 0 mails
2025-12-23 15:18:40 INFO  d.a.quartz.MailDispatchJob - MailDispatchJob triggered, found 0 mails
2025-12-23 15:19:40 INFO  d.a.quartz.MailDispatchJob - MailDispatchJob triggered, found 0 mails
2025-12-23 15:20:40 INFO  d.a.quartz.MailDispatchJob - MailDispatchJob triggered, found 0 mails
2025-12-23 15:21:40 INFO  d.a.quartz.MailDispatchJob - MailDispatchJob triggered, found 0 mails
2025-12-23 15:22:40 INFO  d.a.quartz.MailDispatchJob - MailDispatchJob triggered, found 0 mails
2025-12-23 15:23:40 INFO  d.a.quartz.MailDispatchJob - MailDispatchJob triggered, found 0 mails
2025-12-23 15:24:40 INFO  d.a.quartz.MailDispatchJob - MailDispatchJob triggered, found 0 mails
2025-12-23 15:25:40 INFO  d.a.quartz.MailDispatchJob - MailDispatchJob triggered, found 0 mails
2025-12-23 15:26:40 INFO  d.a.quartz.MailDispatchJob - MailDispatchJob triggered, found 0 mails
2025-12-23 15:35:40 INFO  d.a.quartz.MailDispatchJob - MailDispatchJob triggered, found 0 mails
2025-12-23 15:36:40 INFO  d.a.quartz.MailDispatchJob - MailDispatchJob triggered, found 0 mails
2025-12-23 15:37:40 INFO  d.a.quartz.MailDispatchJob - MailDispatchJob triggered, found 0 mails
2025-12-23 15:38:40 INFO  d.a.quartz.MailDispatchJob - MailDispatchJob triggered, found 0 mails
2025-12-23 15:39:40 INFO  d.a.quartz.MailDispatchJob - MailDispatchJob triggered, found 0 mails
2025-12-23 15:40:40 INFO  d.a.quartz.MailDispatchJob - MailDispatchJob triggered, found 0 mails
2025-12-23 15:41:40 INFO  d.a.quartz.MailDispatchJob - MailDispatchJob triggered, found 0 mails
2025-12-23 15:42:40 INFO  d.a.quartz.MailDispatchJob - MailDispatchJob triggered, found 0 mails
2025-12-23 15:43:40 INFO  d.a.quartz.MailDispatchJob - MailDispatchJob triggered, found 0 mails
2025-12-23 15:44:40 INFO  d.a.quartz.MailDispatchJob - MailDispatchJob triggered, found 0 mails
2025-12-23 15:45:40 INFO  d.a.quartz.MailDispatchJob - MailDispatchJob triggered, found 0 mails
2025-12-23 15:46:40 INFO  d.a.quartz.MailDispatchJob - MailDispatchJob triggered, found 0 mails
2025-12-23 15:47:40 INFO  d.a.quartz.MailDispatchJob - MailDispatchJob triggered, found 0 mails
2025-12-23 15:48:40 INFO  d.a.quartz.MailDispatchJob - MailDispatchJob triggered, found 0 mails
2025-12-23 15:49:40 INFO  d.a.quartz.MailDispatchJob - MailDispatchJob triggered, found 0 mails
2025-12-23 15:50:40 INFO  d.a.quartz.MailDispatchJob - MailDispatchJob triggered, found 0 mails
2025-12-23 15:51:40 INFO  d.a.quartz.MailDispatchJob - MailDispatchJob triggered, found 0 mails
2025-12-23 15:52:40 INFO  d.a.quartz.MailDispatchJob - MailDispatchJob triggered, found 0 mails
2025-12-23 15:53:40 INFO  d.a.quartz.MailDispatchJob - MailDispatchJob triggered, found 0 mails
2025-12-23 15:54:40 INFO  d.a.quartz.MailDispatchJob - MailDispatchJob triggered, found 0 mails
2025-12-23 15:55:40 INFO  d.a.quartz.MailDispatchJob - MailDispatchJob triggered, found 0 mails
2025-12-23 15:56:40 INFO  d.a.quartz.MailDispatchJob - MailDispatchJob triggered, found 0 mails
2025-12-23 15:57:40 INFO  d.a.quartz.MailDispatchJob - MailDispatchJob triggered, found 0 mails
2025-12-23 15:58:40 INFO  d.a.quartz.MailDispatchJob - MailDispatchJob triggered, found 0 mails
2025-12-23 15:59:40 INFO  d.a.quartz.MailDispatchJob - MailDispatchJob triggered, found 0 mails
2025-12-23 16:00:40 INFO  d.a.quartz.MailDispatchJob - MailDispatchJob triggered, found 0 mails
2025-12-23 16:01:40 INFO  d.a.quartz.MailDispatchJob - MailDispatchJob triggered, found 0 mails
2025-12-23 16:02:40 INFO  d.a.quartz.MailDispatchJob - MailDispatchJob triggered, found 0 mails
2025-12-23 16:03:40 INFO  d.a.quartz.MailDispatchJob - MailDispatchJob triggered, found 0 mails
2025-12-23 16:04:40 INFO  d.a.quartz.MailDispatchJob - MailDispatchJob triggered, found 0 mails
2025-12-23 16:05:40 INFO  d.a.quartz.MailDispatchJob - MailDispatchJob triggered, found 0 mails
2025-12-23 16:06:40 INFO  d.a.quartz.MailDispatchJob - MailDispatchJob triggered, found 0 mails
2025-12-23 16:07:40 INFO  d.a.quartz.MailDispatchJob - MailDispatchJob triggered, found 0 mails
2025-12-23 16:08:40 INFO  d.a.quartz.MailDispatchJob - MailDispatchJob triggered, found 0 mails
2025-12-23 16:09:40 INFO  d.a.quartz.MailDispatchJob - MailDispatchJob triggered, found 0 mails
2025-12-23 16:10:40 INFO  d.a.quartz.MailDispatchJob - MailDispatchJob triggered, found 0 mails
2025-12-23 16:11:40 INFO  d.a.quartz.MailDispatchJob - MailDispatchJob triggered, found 0 mails
2025-12-23 16:12:40 INFO  d.a.quartz.MailDispatchJob - MailDispatchJob triggered, found 0 mails
2025-12-23 16:13:40 INFO  d.a.quartz.MailDispatchJob - MailDispatchJob triggered, found 0 mails
2025-12-23 16:14:40 INFO  d.a.quartz.MailDispatchJob - MailDispatchJob triggered, found 0 mails
2025-12-23 16:15:40 INFO  d.a.quartz.MailDispatchJob - MailDispatchJob triggered, found 1 mails
2025-12-23 16:15:40 ERROR d.a.quartz.MailDispatchJob - Mail send failed to null: Cannot invoke "String.length()" because "s" is null
java.lang.NullPointerException: Cannot invoke "String.length()" because "s" is null
	at jakarta.mail.internet.InternetAddress.parse(InternetAddress.java:778)
	at jakarta.mail.internet.InternetAddress.parse(InternetAddress.java:737)
	at jakarta.mail.internet.InternetAddress.parse(InternetAddress.java:714)
	at org.springframework.mail.javamail.MimeMessageHelper.parseAddress(MimeMessageHelper.java:731)
	at org.springframework.mail.javamail.MimeMessageHelper.setTo(MimeMessageHelper.java:617)
	at org.springframework.mail.javamail.MimeMailMessage.setTo(MimeMailMessage.java:109)
	at org.springframework.mail.SimpleMailMessage.copyTo(SimpleMailMessage.java:189)
	at org.springframework.mail.javamail.JavaMailSenderImpl.send(JavaMailSenderImpl.java:301)
	at org.springframework.mail.MailSender.send(MailSender.java:42)
	at demo.autosendmail.mail.MailSenderService.sendPlainText(MailSenderService.java:20)
	at demo.autosendmail.quartz.MailDispatchJob.execute(MailDispatchJob.java:41)
	at org.quartz.core.JobRunShell.run(JobRunShell.java:203)
	at org.quartz.simpl.SimpleThreadPool$WorkerThread.run(SimpleThreadPool.java:566)
2025-12-23 16:16:40 INFO  d.a.quartz.MailDispatchJob - MailDispatchJob triggered, found 2 mails
2025-12-23 16:16:40 ERROR d.a.quartz.MailDispatchJob - Mail send failed to null: Cannot invoke "String.length()" because "s" is null
java.lang.NullPointerException: Cannot invoke "String.length()" because "s" is null
	at jakarta.mail.internet.InternetAddress.parse(InternetAddress.java:778)
	at jakarta.mail.internet.InternetAddress.parse(InternetAddress.java:737)
	at jakarta.mail.internet.InternetAddress.parse(InternetAddress.java:714)
	at org.springframework.mail.javamail.MimeMessageHelper.parseAddress(MimeMessageHelper.java:731)
	at org.springframework.mail.javamail.MimeMessageHelper.setTo(MimeMessageHelper.java:617)
	at org.springframework.mail.javamail.MimeMailMessage.setTo(MimeMailMessage.java:109)
	at org.springframework.mail.SimpleMailMessage.copyTo(SimpleMailMessage.java:189)
	at org.springframework.mail.javamail.JavaMailSenderImpl.send(JavaMailSenderImpl.java:301)
	at org.springframework.mail.MailSender.send(MailSender.java:42)
	at demo.autosendmail.mail.MailSenderService.sendPlainText(MailSenderService.java:20)
	at demo.autosendmail.quartz.MailDispatchJob.execute(MailDispatchJob.java:41)
	at org.quartz.core.JobRunShell.run(JobRunShell.java:203)
	at org.quartz.simpl.SimpleThreadPool$WorkerThread.run(SimpleThreadPool.java:566)
2025-12-23 16:17:40 INFO  d.a.quartz.MailDispatchJob - MailDispatchJob triggered, found 2 mails
2025-12-23 16:17:40 ERROR d.a.quartz.MailDispatchJob - Mail send failed to null: Cannot invoke "String.length()" because "s" is null
java.lang.NullPointerException: Cannot invoke "String.length()" because "s" is null
	at jakarta.mail.internet.InternetAddress.parse(InternetAddress.java:778)
	at jakarta.mail.internet.InternetAddress.parse(InternetAddress.java:737)
	at jakarta.mail.internet.InternetAddress.parse(InternetAddress.java:714)
	at org.springframework.mail.javamail.MimeMessageHelper.parseAddress(MimeMessageHelper.java:731)
	at org.springframework.mail.javamail.MimeMessageHelper.setTo(MimeMessageHelper.java:617)
	at org.springframework.mail.javamail.MimeMailMessage.setTo(MimeMailMessage.java:109)
	at org.springframework.mail.SimpleMailMessage.copyTo(SimpleMailMessage.java:189)
	at org.springframework.mail.javamail.JavaMailSenderImpl.send(JavaMailSenderImpl.java:301)
	at org.springframework.mail.MailSender.send(MailSender.java:42)
	at demo.autosendmail.mail.MailSenderService.sendPlainText(MailSenderService.java:20)
	at demo.autosendmail.quartz.MailDispatchJob.execute(MailDispatchJob.java:41)
	at org.quartz.core.JobRunShell.run(JobRunShell.java:203)
	at org.quartz.simpl.SimpleThreadPool$WorkerThread.run(SimpleThreadPool.java:566)
2025-12-23 16:18:40 INFO  d.a.quartz.MailDispatchJob - MailDispatchJob triggered, found 2 mails
2025-12-23 16:18:40 ERROR d.a.quartz.MailDispatchJob - Mail send failed to null: Cannot invoke "String.length()" because "s" is null
java.lang.NullPointerException: Cannot invoke "String.length()" because "s" is null
	at jakarta.mail.internet.InternetAddress.parse(InternetAddress.java:778)
	at jakarta.mail.internet.InternetAddress.parse(InternetAddress.java:737)
	at jakarta.mail.internet.InternetAddress.parse(InternetAddress.java:714)
	at org.springframework.mail.javamail.MimeMessageHelper.parseAddress(MimeMessageHelper.java:731)
	at org.springframework.mail.javamail.MimeMessageHelper.setTo(MimeMessageHelper.java:617)
	at org.springframework.mail.javamail.MimeMailMessage.setTo(MimeMailMessage.java:109)
	at org.springframework.mail.SimpleMailMessage.copyTo(SimpleMailMessage.java:189)
	at org.springframework.mail.javamail.JavaMailSenderImpl.send(JavaMailSenderImpl.java:301)
	at org.springframework.mail.MailSender.send(MailSender.java:42)
	at demo.autosendmail.mail.MailSenderService.sendPlainText(MailSenderService.java:20)
	at demo.autosendmail.quartz.MailDispatchJob.execute(MailDispatchJob.java:41)
	at org.quartz.core.JobRunShell.run(JobRunShell.java:203)
	at org.quartz.simpl.SimpleThreadPool$WorkerThread.run(SimpleThreadPool.java:566)
2025-12-23 16:19:40 INFO  d.a.quartz.MailDispatchJob - MailDispatchJob triggered, found 2 mails
2025-12-23 16:19:40 ERROR d.a.quartz.MailDispatchJob - Mail send failed to null: Cannot invoke "String.length()" because "s" is null
java.lang.NullPointerException: Cannot invoke "String.length()" because "s" is null
	at jakarta.mail.internet.InternetAddress.parse(InternetAddress.java:778)
	at jakarta.mail.internet.InternetAddress.parse(InternetAddress.java:737)
	at jakarta.mail.internet.InternetAddress.parse(InternetAddress.java:714)
	at org.springframework.mail.javamail.MimeMessageHelper.parseAddress(MimeMessageHelper.java:731)
	at org.springframework.mail.javamail.MimeMessageHelper.setTo(MimeMessageHelper.java:617)
	at org.springframework.mail.javamail.MimeMailMessage.setTo(MimeMailMessage.java:109)
	at org.springframework.mail.SimpleMailMessage.copyTo(SimpleMailMessage.java:189)
	at org.springframework.mail.javamail.JavaMailSenderImpl.send(JavaMailSenderImpl.java:301)
	at org.springframework.mail.MailSender.send(MailSender.java:42)
	at demo.autosendmail.mail.MailSenderService.sendPlainText(MailSenderService.java:20)
	at demo.autosendmail.quartz.MailDispatchJob.execute(MailDispatchJob.java:41)
	at org.quartz.core.JobRunShell.run(JobRunShell.java:203)
	at org.quartz.simpl.SimpleThreadPool$WorkerThread.run(SimpleThreadPool.java:566)
2025-12-23 16:20:04 INFO  d.a.quartz.MailDispatchJob - MailDispatchJob triggered, found 2 mails
2025-12-23 16:21:03 INFO  d.a.quartz.MailDispatchJob - MailDispatchJob triggered, found 0 mails
2025-12-23 16:22:03 INFO  d.a.quartz.MailDispatchJob - MailDispatchJob triggered, found 0 mails
2025-12-23 16:23:03 INFO  d.a.quartz.MailDispatchJob - MailDispatchJob triggered, found 0 mails
2025-12-23 16:24:03 INFO  d.a.quartz.MailDispatchJob - MailDispatchJob triggered, found 0 mails
2025-12-23 16:32:21 INFO  d.a.quartz.MailDispatchJob - MailDispatchJob triggered, found 1 mails
2025-12-23 16:33:20 INFO  d.a.quartz.MailDispatchJob - MailDispatchJob triggered, found 0 mails
2025-12-23 16:43:45 INFO  d.a.quartz.MailDispatchJob - MailDispatchJob triggered, found 1 mails
2025-12-23 16:43:45 ERROR d.a.quartz.MailDispatchJob - Mail send failed to [FAILED toString()]: Cannot lazily initialize collection of role 'demo.autosendmail.mail.MailQueue.recipients' with key '1' (no session)
org.hibernate.LazyInitializationException: Cannot lazily initialize collection of role 'demo.autosendmail.mail.MailQueue.recipients' with key '1' (no session)
	at org.hibernate.collection.spi.AbstractPersistentCollection.throwLazyInitializationException(AbstractPersistentCollection.java:649)
	at org.hibernate.collection.spi.AbstractPersistentCollection.withTemporarySessionIfNeeded(AbstractPersistentCollection.java:234)
	at org.hibernate.collection.spi.AbstractPersistentCollection.readSize(AbstractPersistentCollection.java:161)
	at org.hibernate.collection.spi.PersistentBag.isEmpty(PersistentBag.java:408)
	at demo.autosendmail.mail.MailSenderService.sendPlainText(MailSenderService.java:32)
	at demo.autosendmail.quartz.MailDispatchJob.execute(MailDispatchJob.java:42)
	at org.quartz.core.JobRunShell.run(JobRunShell.java:203)
	at org.quartz.simpl.SimpleThreadPool$WorkerThread.run(SimpleThreadPool.java:566)
2025-12-23 16:44:44 INFO  d.a.quartz.MailDispatchJob - MailDispatchJob triggered, found 1 mails
2025-12-23 16:44:44 ERROR d.a.quartz.MailDispatchJob - Mail send failed to [FAILED toString()]: Cannot lazily initialize collection of role 'demo.autosendmail.mail.MailQueue.recipients' with key '1' (no session)
org.hibernate.LazyInitializationException: Cannot lazily initialize collection of role 'demo.autosendmail.mail.MailQueue.recipients' with key '1' (no session)
	at org.hibernate.collection.spi.AbstractPersistentCollection.throwLazyInitializationException(AbstractPersistentCollection.java:649)
	at org.hibernate.collection.spi.AbstractPersistentCollection.withTemporarySessionIfNeeded(AbstractPersistentCollection.java:234)
	at org.hibernate.collection.spi.AbstractPersistentCollection.readSize(AbstractPersistentCollection.java:161)
	at org.hibernate.collection.spi.PersistentBag.isEmpty(PersistentBag.java:408)
	at demo.autosendmail.mail.MailSenderService.sendPlainText(MailSenderService.java:32)
	at demo.autosendmail.quartz.MailDispatchJob.execute(MailDispatchJob.java:42)
	at org.quartz.core.JobRunShell.run(JobRunShell.java:203)
	at org.quartz.simpl.SimpleThreadPool$WorkerThread.run(SimpleThreadPool.java:566)
2025-12-23 16:45:44 INFO  d.a.quartz.MailDispatchJob - MailDispatchJob triggered, found 1 mails
2025-12-23 16:45:44 ERROR d.a.quartz.MailDispatchJob - Mail send failed to [FAILED toString()]: Cannot lazily initialize collection of role 'demo.autosendmail.mail.MailQueue.recipients' with key '1' (no session)
org.hibernate.LazyInitializationException: Cannot lazily initialize collection of role 'demo.autosendmail.mail.MailQueue.recipients' with key '1' (no session)
	at org.hibernate.collection.spi.AbstractPersistentCollection.throwLazyInitializationException(AbstractPersistentCollection.java:649)
	at org.hibernate.collection.spi.AbstractPersistentCollection.withTemporarySessionIfNeeded(AbstractPersistentCollection.java:234)
	at org.hibernate.collection.spi.AbstractPersistentCollection.readSize(AbstractPersistentCollection.java:161)
	at org.hibernate.collection.spi.PersistentBag.isEmpty(PersistentBag.java:408)
	at demo.autosendmail.mail.MailSenderService.sendPlainText(MailSenderService.java:32)
	at demo.autosendmail.quartz.MailDispatchJob.execute(MailDispatchJob.java:42)
	at org.quartz.core.JobRunShell.run(JobRunShell.java:203)
	at org.quartz.simpl.SimpleThreadPool$WorkerThread.run(SimpleThreadPool.java:566)
2025-12-23 16:46:44 INFO  d.a.quartz.MailDispatchJob - MailDispatchJob triggered, found 1 mails
2025-12-23 16:46:44 ERROR d.a.quartz.MailDispatchJob - Mail send failed to [FAILED toString()]: Cannot lazily initialize collection of role 'demo.autosendmail.mail.MailQueue.recipients' with key '1' (no session)
org.hibernate.LazyInitializationException: Cannot lazily initialize collection of role 'demo.autosendmail.mail.MailQueue.recipients' with key '1' (no session)
	at org.hibernate.collection.spi.AbstractPersistentCollection.throwLazyInitializationException(AbstractPersistentCollection.java:649)
	at org.hibernate.collection.spi.AbstractPersistentCollection.withTemporarySessionIfNeeded(AbstractPersistentCollection.java:234)
	at org.hibernate.collection.spi.AbstractPersistentCollection.readSize(AbstractPersistentCollection.java:161)
	at org.hibernate.collection.spi.PersistentBag.isEmpty(PersistentBag.java:408)
	at demo.autosendmail.mail.MailSenderService.sendPlainText(MailSenderService.java:32)
	at demo.autosendmail.quartz.MailDispatchJob.execute(MailDispatchJob.java:42)
	at org.quartz.core.JobRunShell.run(JobRunShell.java:203)
	at org.quartz.simpl.SimpleThreadPool$WorkerThread.run(SimpleThreadPool.java:566)
2025-12-23 16:48:01 INFO  d.a.quartz.MailDispatchJob - MailDispatchJob triggered, found 1 mails
2025-12-23 16:49:00 INFO  d.a.quartz.MailDispatchJob - MailDispatchJob triggered, found 0 mails
2025-12-23 16:50:00 INFO  d.a.quartz.MailDispatchJob - MailDispatchJob triggered, found 0 mails
2025-12-23 16:51:00 INFO  d.a.quartz.MailDispatchJob - MailDispatchJob triggered, found 0 mails
2025-12-23 16:52:00 INFO  d.a.quartz.MailDispatchJob - MailDispatchJob triggered, found 0 mails
2025-12-23 16:53:00 INFO  d.a.quartz.MailDispatchJob - MailDispatchJob triggered, found 0 mails
2025-12-23 16:54:00 INFO  d.a.quartz.MailDispatchJob - MailDispatchJob triggered, found 0 mails
2025-12-23 16:55:00 INFO  d.a.quartz.MailDispatchJob - MailDispatchJob triggered, found 0 mails
2025-12-23 16:56:00 INFO  d.a.quartz.MailDispatchJob - MailDispatchJob triggered, found 0 mails
2025-12-23 16:57:00 INFO  d.a.quartz.MailDispatchJob - MailDispatchJob triggered, found 0 mails
2025-12-23 16:58:00 INFO  d.a.quartz.MailDispatchJob - MailDispatchJob triggered, found 0 mails
2025-12-23 16:59:00 INFO  d.a.quartz.MailDispatchJob - MailDispatchJob triggered, found 0 mails
2025-12-23 17:00:00 INFO  d.a.quartz.MailDispatchJob - MailDispatchJob triggered, found 0 mails
2025-12-23 17:01:00 INFO  d.a.quartz.MailDispatchJob - MailDispatchJob triggered, found 0 mails
2025-12-23 17:02:00 INFO  d.a.quartz.MailDispatchJob - MailDispatchJob triggered, found 0 mails
2025-12-23 17:03:00 INFO  d.a.quartz.MailDispatchJob - MailDispatchJob triggered, found 0 mails
2025-12-23 17:04:00 INFO  d.a.quartz.MailDispatchJob - MailDispatchJob triggered, found 1 mails
2025-12-23 17:05:00 INFO  d.a.quartz.MailDispatchJob - MailDispatchJob triggered, found 0 mails
2025-12-23 17:06:00 INFO  d.a.quartz.MailDispatchJob - MailDispatchJob triggered, found 0 mails
2025-12-23 17:07:00 INFO  d.a.quartz.MailDispatchJob - MailDispatchJob triggered, found 0 mails
2025-12-23 17:08:00 INFO  d.a.quartz.MailDispatchJob - MailDispatchJob triggered, found 0 mails
2025-12-23 17:09:31 INFO  d.a.quartz.MailDispatchJob - MailDispatchJob triggered, found 0 mails
2025-12-23 17:11:54 INFO  d.a.quartz.MailDispatchJob - MailDispatchJob triggered, found 1 mails
2025-12-23 17:12:54 INFO  d.a.quartz.MailDispatchJob - MailDispatchJob triggered, found 0 mails
